idcard_quality/build/intermediates/manifest_merge_blame_file/debug/manifest-merger-blame-debug-report.txt
1<?xml version="1.0" encoding="utf-8"?>
2<manifest xmlns:android="http://schemas.android.com/apk/res/android"
3    package="com.megvii.idcard.quality"
4    android:versionCode="1"
5    android:versionName="1.0.4" >
6
7    <uses-sdk
8        android:minSdkVersion="21"
8-->src/main/AndroidManifest.xml
9        android:targetSdkVersion="29" />
9-->src/main/AndroidManifest.xml
10
11    <uses-permission android:name="android.permission.ACCESS_WIFI_STATE" />
11-->src/main/AndroidManifest.xml:5:5-76
11-->src/main/AndroidManifest.xml:5:22-73
12    <uses-permission android:name="android.permission.CAMERA" />
12-->src/main/AndroidManifest.xml:6:5-65
12-->src/main/AndroidManifest.xml:6:22-62
13    <uses-permission android:name="android.permission.ACCESS_NETWORK_STATE" />
13-->src/main/AndroidManifest.xml:7:5-79
13-->src/main/AndroidManifest.xml:7:22-76
14    <uses-permission android:name="android.permission.INTERNET" />
14-->src/main/AndroidManifest.xml:8:5-67
14-->src/main/AndroidManifest.xml:8:22-64
15    <uses-permission android:name="android.permission.READ_PHONE_STATE" />
15-->src/main/AndroidManifest.xml:9:5-75
15-->src/main/AndroidManifest.xml:9:22-72
16
17    <application
17-->src/main/AndroidManifest.xml:11:5-23:19
18        android:allowBackup="true"
18-->src/main/AndroidManifest.xml:12:9-35
19        android:icon="@mipmap/ic_launcher"
19-->src/main/AndroidManifest.xml:13:9-43
20        android:label="@string/app_name"
20-->src/main/AndroidManifest.xml:14:9-41
21        android:roundIcon="@mipmap/ic_launcher_round"
21-->src/main/AndroidManifest.xml:15:9-54
22        android:supportsRtl="true"
22-->src/main/AndroidManifest.xml:16:9-35
23        android:theme="@style/Theme.AppCompat.Light.NoActionBar" >
23-->src/main/AndroidManifest.xml:17:9-65
24        <activity
24-->src/main/AndroidManifest.xml:18:9-22:52
25            android:name="com.megvii.demo.activity.IDCardDetectActivity"
25-->src/main/AndroidManifest.xml:19:13-73
26            android:configChanges="keyboardHidden|orientation|screenSize"
26-->src/main/AndroidManifest.xml:20:13-74
27            android:launchMode="singleTask"
27-->src/main/AndroidManifest.xml:21:13-44
28            android:screenOrientation="portrait" />
28-->src/main/AndroidManifest.xml:22:13-49
29    </application>
30
31</manifest>